<?xml version="1.0" encoding="utf-8"?>
<TestRun id="06db0f77-8f4b-4cbe-8d04-3569ee945b5d" name="Frank.Doyle@SCINTNB303 2025-02-10 19:42:15" runUser="STAFFCARE\Frank.Doyle" xmlns="http://microsoft.com/schemas/VisualStudio/TeamTest/2010">
  <Times creation="2025-02-10T19:42:15.8602090+00:00" queuing="2025-02-10T19:42:15.8602093+00:00" start="2025-02-10T19:42:11.7526381+00:00" finish="2025-02-10T19:42:16.4174317+00:00" />
  <TestSettings name="default" id="29d66bf1-3eec-4254-b0f7-9433607892e7">
    <Deployment runDeploymentRoot="Frank.Doyle_SCINTNB303_2025-02-10_19_42_15" />
  </TestSettings>
  <Results>
    <UnitTestResult executionId="5f21f37a-6d8f-48a5-ac9a-794d0e346e72" testId="5dd0c710-0bd2-4f66-9518-c88b66b2fe27" testName="CheckPhaseHeadingsExist" computerName="SCINTNB303" duration="00:00:00.5071420" startTime="2025-02-10T19:42:15.3206276+00:00" endTime="2025-02-10T19:42:15.8277484+00:00" testType="13cdc9d9-ddb5-4fa4-a97d-d965ccfc6d4b" outcome="Passed" testListId="8c84fa94-04c1-424b-9868-57a2d4851a1d" relativeResultsDirectory="5f21f37a-6d8f-48a5-ac9a-794d0e346e72" />
    <UnitTestResult executionId="a4e2ccb8-e66c-42c3-95f6-7bb56628b97f" testId="2dedeb5e-20c7-372d-9664-0b95770e5fa7" testName="HomepageLoadsCorrectly" computerName="SCINTNB303" duration="00:00:00.1776960" startTime="2025-02-10T19:42:16.1840499+00:00" endTime="2025-02-10T19:42:16.3617381+00:00" testType="13cdc9d9-ddb5-4fa4-a97d-d965ccfc6d4b" outcome="Failed" testListId="8c84fa94-04c1-424b-9868-57a2d4851a1d" relativeResultsDirectory="a4e2ccb8-e66c-42c3-95f6-7bb56628b97f">
      <Output>
        <ErrorInfo>
          <Message>  Expected: String containing "Structured Learning Plan for Web Application Development"&#xD;
  But was:  "Site not found · GitHub Pages"&#xD;
</Message>
          <StackTrace>   at PlaywrightTests.PlaywrightTests.HomepageLoadsCorrectly() in C:\Source\Repos\CSharpLearning\tests\UnitTest1.cs:line 42&#xD;
   at NUnit.Framework.Internal.TaskAwaitAdapter.GenericAdapter`1.BlockUntilCompleted()&#xD;
   at NUnit.Framework.Internal.MessagePumpStrategy.NoMessagePumpStrategy.WaitForCompletion(AwaitAdapter awaiter)&#xD;
   at NUnit.Framework.Internal.AsyncToSyncAdapter.Await(Func`1 invoke)&#xD;
   at NUnit.Framework.Internal.Commands.TestMethodCommand.RunTestMethod(TestExecutionContext context)&#xD;
   at NUnit.Framework.Internal.Commands.TestMethodCommand.Execute(TestExecutionContext context)&#xD;
   at NUnit.Framework.Internal.Commands.BeforeAndAfterTestCommand.&lt;&gt;c__DisplayClass1_0.&lt;Execute&gt;b__0()&#xD;
   at NUnit.Framework.Internal.Commands.BeforeAndAfterTestCommand.RunTestMethodInThreadAbortSafeZone(TestExecutionContext context, Action action)&#xD;

1)    at PlaywrightTests.PlaywrightTests.HomepageLoadsCorrectly() in C:\Source\Repos\CSharpLearning\tests\UnitTest1.cs:line 42&#xD;

</StackTrace>
        </ErrorInfo>
      </Output>
    </UnitTestResult>
    <UnitTestResult executionId="113d0292-5f44-43c8-8ecb-4d5b3506bb63" testId="75d0d45c-f981-9786-d26d-6d0cfdaad7da" testName="CheckResourceLinksWork" computerName="SCINTNB303" duration="00:00:00.3562500" startTime="2025-02-10T19:42:15.8277869+00:00" endTime="2025-02-10T19:42:16.1840217+00:00" testType="13cdc9d9-ddb5-4fa4-a97d-d965ccfc6d4b" outcome="Passed" testListId="8c84fa94-04c1-424b-9868-57a2d4851a1d" relativeResultsDirectory="113d0292-5f44-43c8-8ecb-4d5b3506bb63" />
    <UnitTestResult executionId="2d18aa8d-8fe0-473d-ac5a-7f0c9e1ee657" testId="8e880dda-5f12-2912-581b-c0b3366096f3" testName="CheckboxFunctionality" computerName="SCINTNB303" duration="00:00:02.2445170" startTime="2025-02-10T19:42:13.0751468+00:00" endTime="2025-02-10T19:42:15.3195233+00:00" testType="13cdc9d9-ddb5-4fa4-a97d-d965ccfc6d4b" outcome="Failed" testListId="8c84fa94-04c1-424b-9868-57a2d4851a1d" relativeResultsDirectory="2d18aa8d-8fe0-473d-ac5a-7f0c9e1ee657">
      <Output>
        <ErrorInfo>
          <Message>Microsoft.Playwright.PlaywrightException : Clicking the checkbox did not change its state&#xD;
Call log:&#xD;
  -   - waiting for Locator("#section1-completed")&#xD;
  -     - locator resolved to &lt;input type="checkbox" id="section1-completed"/&gt;&#xD;
  -   - attempting click action&#xD;
  -     2 × waiting for element to be visible, enabled and stable&#xD;
  -       - element is not stable&#xD;
  -     - retrying click action&#xD;
  -     - waiting 20ms&#xD;
  -     2 × waiting for element to be visible, enabled and stable&#xD;
  -       - element is not stable&#xD;
  -     - retrying click action&#xD;
  -       - waiting 100ms&#xD;
  -     - waiting for element to be visible, enabled and stable&#xD;
  -     - element is not stable&#xD;
  -   - retrying click action&#xD;
  -     - waiting 500ms&#xD;
  -     - waiting for element to be visible, enabled and stable&#xD;
  -     - element is visible, enabled and stable&#xD;
  -     - scrolling into view if needed&#xD;
  -     - done scrolling&#xD;
  -     - performing click action&#xD;
  -     - click action done&#xD;
  -     - waiting for scheduled navigations to finish&#xD;
  -     - navigations have finished</Message>
          <StackTrace>   at Microsoft.Playwright.Transport.Connection.InnerSendMessageToServerAsync[T](ChannelOwner object, String method, Dictionary`2 dictionary, Boolean keepNulls) in /_/src/Playwright/Transport/Connection.cs:line 206&#xD;
   at Microsoft.Playwright.Transport.Connection.WrapApiCallAsync[T](Func`1 action, Boolean isInternal) in /_/src/Playwright/Transport/Connection.cs:line 535&#xD;
   at PlaywrightTests.PlaywrightTests.CheckboxFunctionality() in C:\Source\Repos\CSharpLearning\tests\UnitTest1.cs:line 93&#xD;
   at PlaywrightTests.PlaywrightTests.CheckboxFunctionality() in C:\Source\Repos\CSharpLearning\tests\UnitTest1.cs:line 99&#xD;
   at NUnit.Framework.Internal.TaskAwaitAdapter.GenericAdapter`1.BlockUntilCompleted()&#xD;
   at NUnit.Framework.Internal.MessagePumpStrategy.NoMessagePumpStrategy.WaitForCompletion(AwaitAdapter awaiter)&#xD;
   at NUnit.Framework.Internal.AsyncToSyncAdapter.Await(Func`1 invoke)&#xD;
   at NUnit.Framework.Internal.Commands.TestMethodCommand.RunTestMethod(TestExecutionContext context)&#xD;
   at NUnit.Framework.Internal.Commands.TestMethodCommand.Execute(TestExecutionContext context)&#xD;
   at NUnit.Framework.Internal.Commands.BeforeAndAfterTestCommand.&lt;&gt;c__DisplayClass1_0.&lt;Execute&gt;b__0()&#xD;
   at NUnit.Framework.Internal.Commands.BeforeAndAfterTestCommand.RunTestMethodInThreadAbortSafeZone(TestExecutionContext context, Action action)
</StackTrace>
        </ErrorInfo>
      </Output>
    </UnitTestResult>
  </Results>
  <TestDefinitions>
    <UnitTest name="HomepageLoadsCorrectly" storage="c:\source\repos\csharplearning\tests\bin\debug\net8.0\tests.dll" id="2dedeb5e-20c7-372d-9664-0b95770e5fa7">
      <Execution id="a4e2ccb8-e66c-42c3-95f6-7bb56628b97f" />
      <TestMethod codeBase="C:\Source\Repos\CSharpLearning\tests\bin\Debug\net8.0\tests.dll" adapterTypeName="executor://nunit3testexecutor/" className="PlaywrightTests.PlaywrightTests" name="HomepageLoadsCorrectly" />
    </UnitTest>
    <UnitTest name="CheckResourceLinksWork" storage="c:\source\repos\csharplearning\tests\bin\debug\net8.0\tests.dll" id="75d0d45c-f981-9786-d26d-6d0cfdaad7da">
      <Execution id="113d0292-5f44-43c8-8ecb-4d5b3506bb63" />
      <TestMethod codeBase="C:\Source\Repos\CSharpLearning\tests\bin\Debug\net8.0\tests.dll" adapterTypeName="executor://nunit3testexecutor/" className="PlaywrightTests.PlaywrightTests" name="CheckResourceLinksWork" />
    </UnitTest>
    <UnitTest name="CheckboxFunctionality" storage="c:\source\repos\csharplearning\tests\bin\debug\net8.0\tests.dll" id="8e880dda-5f12-2912-581b-c0b3366096f3">
      <Execution id="2d18aa8d-8fe0-473d-ac5a-7f0c9e1ee657" />
      <TestMethod codeBase="C:\Source\Repos\CSharpLearning\tests\bin\Debug\net8.0\tests.dll" adapterTypeName="executor://nunit3testexecutor/" className="PlaywrightTests.PlaywrightTests" name="CheckboxFunctionality" />
    </UnitTest>
    <UnitTest name="CheckPhaseHeadingsExist" storage="c:\source\repos\csharplearning\tests\bin\debug\net8.0\tests.dll" id="5dd0c710-0bd2-4f66-9518-c88b66b2fe27">
      <Execution id="5f21f37a-6d8f-48a5-ac9a-794d0e346e72" />
      <TestMethod codeBase="C:\Source\Repos\CSharpLearning\tests\bin\Debug\net8.0\tests.dll" adapterTypeName="executor://nunit3testexecutor/" className="PlaywrightTests.PlaywrightTests" name="CheckPhaseHeadingsExist" />
    </UnitTest>
  </TestDefinitions>
  <TestEntries>
    <TestEntry testId="5dd0c710-0bd2-4f66-9518-c88b66b2fe27" executionId="5f21f37a-6d8f-48a5-ac9a-794d0e346e72" testListId="8c84fa94-04c1-424b-9868-57a2d4851a1d" />
    <TestEntry testId="2dedeb5e-20c7-372d-9664-0b95770e5fa7" executionId="a4e2ccb8-e66c-42c3-95f6-7bb56628b97f" testListId="8c84fa94-04c1-424b-9868-57a2d4851a1d" />
    <TestEntry testId="75d0d45c-f981-9786-d26d-6d0cfdaad7da" executionId="113d0292-5f44-43c8-8ecb-4d5b3506bb63" testListId="8c84fa94-04c1-424b-9868-57a2d4851a1d" />
    <TestEntry testId="8e880dda-5f12-2912-581b-c0b3366096f3" executionId="2d18aa8d-8fe0-473d-ac5a-7f0c9e1ee657" testListId="8c84fa94-04c1-424b-9868-57a2d4851a1d" />
  </TestEntries>
  <TestLists>
    <TestList name="Results Not in a List" id="8c84fa94-04c1-424b-9868-57a2d4851a1d" />
    <TestList name="All Loaded Results" id="19431567-8539-422a-85d7-44ee4e166bda" />
  </TestLists>
  <ResultSummary outcome="Failed">
    <Counters total="4" executed="4" passed="2" failed="2" error="0" timeout="0" aborted="0" inconclusive="0" passedButRunAborted="0" notRunnable="0" notExecuted="0" disconnected="0" warning="0" completed="0" inProgress="0" pending="0" />
    <Output>
      <StdOut>NUnit Adapter 4.6.0.0: Test execution started&#xD;
Running all tests in C:\Source\Repos\CSharpLearning\tests\bin\Debug\net8.0\tests.dll&#xD;
   NUnit3TestExecutor discovered 4 of 4 NUnit test cases using Current Discovery mode, Non-Explicit run&#xD;
NUnit Adapter 4.6.0.0: Test execution complete&#xD;
</StdOut>
    </Output>
  </ResultSummary>
</TestRun>